<?xml version="1.0" encoding="UTF-8"?>
<!-- Generated by org.testng.reporters.JUnitReportReporter -->
<testsuite hostname="LTIN508057" failures="0" tests="6" name="Test.Testng" time="91.480" errors="0" timestamp="2024-11-09T06:03:38 IST" skipped="0">
  <testcase classname="Test.Testng" name="HomePagesearch" time="28.269"/>
  <system-out/>
  <testcase classname="Test.Testng" name="searchResults" time="0.170"/>
  <system-out/>
  <testcase classname="Test.Testng" name="deSelect" time="10.288"/>
  <system-out/>
  <testcase classname="Test.Testng" name="languagesandLevels" time="17.738"/>
  <system-out/>
  <testcase classname="Test.Testng" name="Navigate" time="27.531"/>
  <system-out/>
  <testcase classname="Test.Testng" name="form" time="7.484"/>
  <system-out/>
</testsuite> <!-- Test.Testng -->
