<?xml version="1.0" encoding="UTF-8"?>
<!-- Generated by org.testng.reporters.JUnitReportReporter -->
<testsuite hostname="LTIN508057" failures="0" tests="6" name="Test.Testng" time="53.925" errors="0" timestamp="2024-11-08T17:08:01 IST" skipped="0">
  <testcase classname="Test.Testng" name="HomePagesearch" time="12.732"/>
  <system-out/>
  <testcase classname="Test.Testng" name="searchResults" time="0.347"/>
  <system-out/>
  <testcase classname="Test.Testng" name="deSelect" time="8.262"/>
  <system-out/>
  <testcase classname="Test.Testng" name="languagesandLevels" time="17.753"/>
  <system-out/>
  <testcase classname="Test.Testng" name="Navigate" time="7.898"/>
  <system-out/>
  <testcase classname="Test.Testng" name="form" time="6.933"/>
  <system-out/>
</testsuite> <!-- Test.Testng -->
